mode: set
gini-contract/chaincode/ginierr/error.go:14.38,16.2 1 0
gini-contract/chaincode/ginierr/error.go:18.42,20.2 1 0
gini-contract/chaincode/ginierr/error.go:22.55,27.2 1 0
gini-contract/chaincode/ginierr/error.go:29.79,35.2 1 0
gini-contract/chaincode/ginierr/error.go:43.54,45.2 1 0
gini-contract/chaincode/ginierr/error.go:47.51,49.2 1 0
gini-contract/chaincode/ginierr/error.go:51.53,53.2 1 0
gini-contract/chaincode/ginierr/error.go:55.61,57.2 1 0
gini-contract/chaincode/ginierr/error.go:59.48,61.2 1 0
gini-contract/chaincode/ginierr/error.go:63.48,65.2 1 0
gini-contract/chaincode/ginierr/error.go:67.62,69.2 1 0
gini-contract/chaincode/ginierr/error.go:71.52,73.2 1 0
gini-contract/chaincode/ginierr/error.go:75.48,77.2 1 0
gini-contract/chaincode/ginierr/error.go:79.52,81.2 1 0
gini-contract/chaincode/ginierr/error.go:83.57,85.2 1 0
gini-contract/chaincode/ginierr/error.go:87.49,89.2 1 0
gini-contract/chaincode/logger/logger.go:9.13,11.2 1 0
gini-contract/chaincode/ginierr/error.go:14.38,16.2 1 1
gini-contract/chaincode/ginierr/error.go:18.42,20.2 1 1
gini-contract/chaincode/ginierr/error.go:22.55,27.2 1 1
gini-contract/chaincode/ginierr/error.go:29.79,35.2 1 1
gini-contract/chaincode/ginierr/error.go:43.54,45.2 1 0
gini-contract/chaincode/ginierr/error.go:47.51,49.2 1 1
gini-contract/chaincode/ginierr/error.go:51.53,53.2 1 1
gini-contract/chaincode/ginierr/error.go:55.61,57.2 1 0
gini-contract/chaincode/ginierr/error.go:59.48,61.2 1 0
gini-contract/chaincode/ginierr/error.go:63.48,65.2 1 0
gini-contract/chaincode/ginierr/error.go:67.62,69.2 1 0
gini-contract/chaincode/ginierr/error.go:71.52,73.2 1 0
gini-contract/chaincode/ginierr/error.go:75.48,77.2 1 0
gini-contract/chaincode/ginierr/error.go:79.52,81.2 1 0
gini-contract/chaincode/ginierr/error.go:83.57,85.2 1 0
gini-contract/chaincode/ginierr/error.go:87.49,89.2 1 0
gini-contract/chaincode/logger/logger.go:9.13,11.2 1 1
gini-contract/chaincode/models/models.go:40.97,42.16 2 1
gini-contract/chaincode/models/models.go:42.16,44.3 1 1
gini-contract/chaincode/models/models.go:45.2,45.37 1 1
gini-contract/chaincode/models/models.go:45.37,47.3 1 1
gini-contract/chaincode/models/models.go:48.2,48.36 1 1
gini-contract/chaincode/models/models.go:48.36,50.3 1 1
gini-contract/chaincode/models/models.go:51.2,52.14 2 1
gini-contract/chaincode/models/models.go:52.14,56.3 3 0
gini-contract/chaincode/models/models.go:58.2,65.16 3 1
gini-contract/chaincode/models/models.go:65.16,67.3 1 0
gini-contract/chaincode/models/models.go:69.2,70.14 2 1
gini-contract/chaincode/models/models.go:70.14,74.3 3 1
gini-contract/chaincode/models/models.go:76.2,78.12 2 1
gini-contract/chaincode/models/models.go:81.107,83.14 2 1
gini-contract/chaincode/models/models.go:83.14,87.3 3 1
gini-contract/chaincode/models/models.go:88.2,89.14 2 1
gini-contract/chaincode/models/models.go:89.14,93.3 3 1
gini-contract/chaincode/models/models.go:94.2,95.25 2 1
gini-contract/chaincode/models/models.go:95.25,97.15 2 1
gini-contract/chaincode/models/models.go:97.15,101.4 3 1
gini-contract/chaincode/models/models.go:103.2,103.27 1 1
gini-contract/chaincode/models/models.go:103.27,105.3 1 1
gini-contract/chaincode/models/models.go:107.2,107.29 1 1
gini-contract/chaincode/events/event.go:36.80,41.14 3 1
gini-contract/chaincode/events/event.go:41.14,45.3 3 0
gini-contract/chaincode/events/event.go:46.2,46.68 1 1
gini-contract/chaincode/events/event.go:46.68,50.3 3 1
gini-contract/chaincode/events/event.go:51.2,51.12 1 1
gini-contract/chaincode/events/event.go:54.81,59.14 3 1
gini-contract/chaincode/events/event.go:59.14,63.3 3 0
gini-contract/chaincode/events/event.go:64.2,64.70 1 1
gini-contract/chaincode/events/event.go:64.70,68.3 3 1
gini-contract/chaincode/events/event.go:69.2,69.12 1 1
gini-contract/chaincode/events/event.go:72.104,79.14 3 1
gini-contract/chaincode/events/event.go:79.14,83.3 3 0
gini-contract/chaincode/events/event.go:84.2,84.72 1 1
gini-contract/chaincode/events/event.go:84.72,88.3 3 1
gini-contract/chaincode/events/event.go:89.2,89.12 1 1
gini-contract/chaincode/events/event.go:92.110,99.14 3 1
gini-contract/chaincode/events/event.go:99.14,103.3 3 0
gini-contract/chaincode/events/event.go:104.2,104.72 1 1
gini-contract/chaincode/events/event.go:104.72,108.3 3 1
gini-contract/chaincode/events/event.go:109.2,109.12 1 1
gini-contract/chaincode/events/event.go:112.92,118.14 3 1
gini-contract/chaincode/events/event.go:118.14,122.3 3 0
gini-contract/chaincode/events/event.go:123.2,123.64 1 1
gini-contract/chaincode/events/event.go:123.64,127.3 3 1
gini-contract/chaincode/events/event.go:128.2,128.12 1 1
gini-contract/chaincode/ginierr/error.go:14.38,16.2 1 0
gini-contract/chaincode/ginierr/error.go:18.42,20.2 1 1
gini-contract/chaincode/ginierr/error.go:22.55,27.2 1 1
gini-contract/chaincode/ginierr/error.go:29.79,35.2 1 1
gini-contract/chaincode/ginierr/error.go:43.54,45.2 1 0
gini-contract/chaincode/ginierr/error.go:47.51,49.2 1 0
gini-contract/chaincode/ginierr/error.go:51.53,53.2 1 0
gini-contract/chaincode/ginierr/error.go:55.61,57.2 1 0
gini-contract/chaincode/ginierr/error.go:59.48,61.2 1 0
gini-contract/chaincode/ginierr/error.go:63.48,65.2 1 0
gini-contract/chaincode/ginierr/error.go:67.62,69.2 1 0
gini-contract/chaincode/ginierr/error.go:71.52,73.2 1 0
gini-contract/chaincode/ginierr/error.go:75.48,77.2 1 0
gini-contract/chaincode/ginierr/error.go:79.52,81.2 1 0
gini-contract/chaincode/ginierr/error.go:83.57,85.2 1 0
gini-contract/chaincode/ginierr/error.go:87.49,89.2 1 0
gini-contract/chaincode/logger/logger.go:9.13,11.2 1 1
gini-contract/chaincode/ginierr/error.go:14.38,16.2 1 0
gini-contract/chaincode/ginierr/error.go:18.42,20.2 1 0
gini-contract/chaincode/ginierr/error.go:22.55,27.2 1 1
gini-contract/chaincode/ginierr/error.go:29.79,35.2 1 0
gini-contract/chaincode/ginierr/error.go:43.54,45.2 1 0
gini-contract/chaincode/ginierr/error.go:47.51,49.2 1 0
gini-contract/chaincode/ginierr/error.go:51.53,53.2 1 0
gini-contract/chaincode/ginierr/error.go:55.61,57.2 1 0
gini-contract/chaincode/ginierr/error.go:59.48,61.2 1 0
gini-contract/chaincode/ginierr/error.go:63.48,65.2 1 0
gini-contract/chaincode/ginierr/error.go:67.62,69.2 1 0
gini-contract/chaincode/ginierr/error.go:71.52,73.2 1 0
gini-contract/chaincode/ginierr/error.go:75.48,77.2 1 0
gini-contract/chaincode/ginierr/error.go:79.52,81.2 1 0
gini-contract/chaincode/ginierr/error.go:83.57,85.2 1 1
gini-contract/chaincode/ginierr/error.go:87.49,89.2 1 0
gini-contract/chaincode/helper/helper.go:16.59,17.27 1 1
gini-contract/chaincode/helper/helper.go:18.11,19.35 1 1
gini-contract/chaincode/helper/helper.go:20.13,21.28 1 1
gini-contract/chaincode/helper/helper.go:22.16,23.34 1 1
gini-contract/chaincode/helper/helper.go:24.10,25.72 1 1
gini-contract/chaincode/helper/helper.go:30.42,32.2 1 1
gini-contract/chaincode/helper/helper.go:34.45,36.19 1 1
gini-contract/chaincode/helper/helper.go:36.19,38.3 1 1
gini-contract/chaincode/helper/helper.go:40.2,41.16 2 1
gini-contract/chaincode/helper/helper.go:44.41,46.19 1 1
gini-contract/chaincode/helper/helper.go:46.19,48.3 1 1
gini-contract/chaincode/helper/helper.go:50.2,51.16 2 1
gini-contract/chaincode/helper/helper.go:54.46,58.2 2 1
gini-contract/chaincode/helper/helper.go:60.73,62.16 2 1
gini-contract/chaincode/helper/helper.go:62.16,64.3 1 1
gini-contract/chaincode/helper/helper.go:66.2,67.16 2 1
gini-contract/chaincode/helper/helper.go:67.16,69.3 1 1
gini-contract/chaincode/helper/helper.go:71.2,73.28 3 1
gini-contract/chaincode/helper/helper.go:73.28,75.3 1 1
gini-contract/chaincode/helper/helper.go:76.2,76.20 1 1
gini-contract/chaincode/helper/helper.go:79.48,81.29 2 1
gini-contract/chaincode/helper/helper.go:81.29,82.32 1 1
gini-contract/chaincode/helper/helper.go:82.32,84.4 1 1
gini-contract/chaincode/helper/helper.go:86.2,86.23 1 1
gini-contract/chaincode/helper/helper.go:89.41,92.9 2 1
gini-contract/chaincode/helper/helper.go:92.9,95.3 1 1
gini-contract/chaincode/helper/helper.go:97.2,97.30 1 1
gini-contract/chaincode/ginierr/error.go:14.38,16.2 1 0
gini-contract/chaincode/ginierr/error.go:18.42,20.2 1 1
gini-contract/chaincode/ginierr/error.go:22.55,27.2 1 1
gini-contract/chaincode/ginierr/error.go:29.79,35.2 1 1
gini-contract/chaincode/ginierr/error.go:43.54,45.2 1 0
gini-contract/chaincode/ginierr/error.go:47.51,49.2 1 0
gini-contract/chaincode/ginierr/error.go:51.53,53.2 1 1
gini-contract/chaincode/ginierr/error.go:55.61,57.2 1 0
gini-contract/chaincode/ginierr/error.go:59.48,61.2 1 0
gini-contract/chaincode/ginierr/error.go:63.48,65.2 1 0
gini-contract/chaincode/ginierr/error.go:67.62,69.2 1 1
gini-contract/chaincode/ginierr/error.go:71.52,73.2 1 0
gini-contract/chaincode/ginierr/error.go:75.48,77.2 1 0
gini-contract/chaincode/ginierr/error.go:79.52,81.2 1 0
gini-contract/chaincode/ginierr/error.go:83.57,85.2 1 0
gini-contract/chaincode/ginierr/error.go:87.49,89.2 1 0
gini-contract/chaincode/internal/internal.go:21.84,23.14 2 1
gini-contract/chaincode/internal/internal.go:23.14,27.3 3 1
gini-contract/chaincode/internal/internal.go:29.2,29.47 1 1
gini-contract/chaincode/internal/internal.go:29.47,31.3 1 1
gini-contract/chaincode/internal/internal.go:32.2,32.18 1 1
gini-contract/chaincode/internal/internal.go:35.88,37.27 2 0
gini-contract/chaincode/internal/internal.go:37.27,41.3 3 0
gini-contract/chaincode/internal/internal.go:42.2,42.14 1 0
gini-contract/chaincode/internal/internal.go:42.14,46.3 3 0
gini-contract/chaincode/internal/internal.go:48.2,51.17 3 0
gini-contract/chaincode/internal/internal.go:51.17,55.3 3 0
gini-contract/chaincode/internal/internal.go:56.2,60.14 4 0
gini-contract/chaincode/internal/internal.go:60.14,64.3 3 0
gini-contract/chaincode/internal/internal.go:65.2,69.14 4 0
gini-contract/chaincode/internal/internal.go:69.14,73.3 3 0
gini-contract/chaincode/internal/internal.go:74.2,77.25 3 0
gini-contract/chaincode/internal/internal.go:77.25,81.3 3 0
gini-contract/chaincode/internal/internal.go:83.2,89.27 5 0
gini-contract/chaincode/internal/internal.go:89.27,93.3 3 0
gini-contract/chaincode/internal/internal.go:94.2,94.29 1 0
gini-contract/chaincode/internal/internal.go:97.88,99.14 2 0
gini-contract/chaincode/internal/internal.go:99.14,103.3 3 0
gini-contract/chaincode/internal/internal.go:104.2,108.25 3 0
gini-contract/chaincode/internal/internal.go:108.25,110.15 2 0
gini-contract/chaincode/internal/internal.go:110.15,114.4 3 0
gini-contract/chaincode/internal/internal.go:116.3,117.67 2 0
gini-contract/chaincode/internal/internal.go:117.67,119.4 1 0
gini-contract/chaincode/internal/internal.go:121.3,121.54 1 0
gini-contract/chaincode/internal/internal.go:121.54,123.4 1 0
gini-contract/chaincode/internal/internal.go:126.2,126.27 1 0
gini-contract/chaincode/internal/internal.go:129.98,132.14 3 0
gini-contract/chaincode/internal/internal.go:132.14,136.3 3 0
gini-contract/chaincode/internal/internal.go:137.2,139.25 2 0
gini-contract/chaincode/internal/internal.go:139.25,141.15 2 0
gini-contract/chaincode/internal/internal.go:141.15,145.4 3 0
gini-contract/chaincode/internal/internal.go:147.3,148.67 2 0
gini-contract/chaincode/internal/internal.go:148.67,150.4 1 0
gini-contract/chaincode/internal/internal.go:152.3,152.79 1 0
gini-contract/chaincode/internal/internal.go:152.79,154.4 1 0
gini-contract/chaincode/internal/internal.go:157.2,157.19 1 0
gini-contract/chaincode/internal/internal.go:160.81,162.16 2 1
gini-contract/chaincode/internal/internal.go:162.16,164.3 1 1
gini-contract/chaincode/internal/internal.go:165.2,165.79 1 1
gini-contract/chaincode/internal/internal.go:165.79,167.3 1 1
gini-contract/chaincode/internal/internal.go:168.2,168.56 1 1
gini-contract/chaincode/internal/internal.go:168.56,170.3 1 0
gini-contract/chaincode/internal/internal.go:171.2,171.12 1 1
gini-contract/chaincode/internal/internal.go:174.82,176.16 2 1
gini-contract/chaincode/internal/internal.go:176.16,178.3 1 1
gini-contract/chaincode/internal/internal.go:179.2,179.80 1 1
gini-contract/chaincode/internal/internal.go:179.80,181.3 1 1
gini-contract/chaincode/internal/internal.go:182.2,182.57 1 1
gini-contract/chaincode/internal/internal.go:182.57,184.3 1 0
gini-contract/chaincode/internal/internal.go:185.2,185.12 1 1
gini-contract/chaincode/internal/internal.go:188.86,190.16 2 1
gini-contract/chaincode/internal/internal.go:190.16,192.3 1 0
gini-contract/chaincode/internal/internal.go:193.2,193.60 1 1
gini-contract/chaincode/internal/internal.go:193.60,195.3 1 1
gini-contract/chaincode/internal/internal.go:195.8,195.25 1 1
gini-contract/chaincode/internal/internal.go:195.25,197.3 1 1
gini-contract/chaincode/internal/internal.go:197.8,197.37 1 1
gini-contract/chaincode/internal/internal.go:197.37,199.3 1 1
gini-contract/chaincode/internal/internal.go:200.2,200.18 1 1
gini-contract/chaincode/internal/internal.go:203.96,208.9 3 1
gini-contract/chaincode/internal/internal.go:208.9,210.3 1 1
gini-contract/chaincode/internal/internal.go:211.2,211.40 1 1
gini-contract/chaincode/internal/internal.go:211.40,213.3 1 0
gini-contract/chaincode/internal/internal.go:214.2,215.9 2 1
gini-contract/chaincode/internal/internal.go:215.9,217.3 1 0
gini-contract/chaincode/internal/internal.go:218.2,218.40 1 1
gini-contract/chaincode/internal/internal.go:218.40,220.3 1 0
gini-contract/chaincode/internal/internal.go:222.2,222.42 1 1
gini-contract/chaincode/internal/internal.go:222.42,224.3 1 1
gini-contract/chaincode/internal/internal.go:225.2,225.42 1 0
gini-contract/chaincode/internal/internal.go:225.42,227.3 1 0
gini-contract/chaincode/internal/internal.go:229.2,229.59 1 0
gini-contract/chaincode/internal/internal.go:229.59,232.3 2 0
gini-contract/chaincode/internal/internal.go:232.8,232.25 1 0
gini-contract/chaincode/internal/internal.go:232.25,234.3 1 0
gini-contract/chaincode/internal/internal.go:235.2,235.61 1 0
gini-contract/chaincode/internal/internal.go:235.61,238.3 2 0
gini-contract/chaincode/internal/internal.go:238.8,238.25 1 0
gini-contract/chaincode/internal/internal.go:238.25,240.3 1 0
gini-contract/chaincode/internal/internal.go:242.2,242.80 1 0
gini-contract/chaincode/internal/internal.go:242.80,244.3 1 0
gini-contract/chaincode/internal/internal.go:245.2,245.80 1 0
gini-contract/chaincode/internal/internal.go:245.80,247.3 1 0
gini-contract/chaincode/internal/internal.go:248.2,249.12 2 0
gini-contract/chaincode/internal/internal.go:253.111,255.16 2 0
gini-contract/chaincode/internal/internal.go:255.16,257.3 1 0
gini-contract/chaincode/internal/internal.go:258.2,258.71 1 0
gini-contract/chaincode/internal/internal.go:258.71,260.3 1 0
gini-contract/chaincode/internal/internal.go:261.2,261.12 1 0
gini-contract/chaincode/internal/internal.go:264.98,266.16 2 1
gini-contract/chaincode/internal/internal.go:266.16,268.3 1 1
gini-contract/chaincode/internal/internal.go:269.2,269.35 1 1
gini-contract/chaincode/internal/internal.go:269.35,271.3 1 1
gini-contract/chaincode/internal/internal.go:272.2,272.36 1 1
gini-contract/chaincode/internal/internal.go:272.36,274.3 1 1
gini-contract/chaincode/internal/internal.go:275.2,276.16 2 1
gini-contract/chaincode/internal/internal.go:276.16,278.3 1 0
gini-contract/chaincode/internal/internal.go:279.2,286.16 3 1
gini-contract/chaincode/internal/internal.go:286.16,288.3 1 0
gini-contract/chaincode/internal/internal.go:290.2,291.14 2 1
gini-contract/chaincode/internal/internal.go:291.14,295.3 3 0
gini-contract/chaincode/internal/internal.go:296.2,296.12 1 1
gini-contract/chaincode/internal/internal.go:298.101,300.16 2 0
gini-contract/chaincode/internal/internal.go:300.16,302.3 1 0
gini-contract/chaincode/internal/internal.go:303.2,303.35 1 0
gini-contract/chaincode/internal/internal.go:303.35,305.3 1 0
gini-contract/chaincode/internal/internal.go:306.2,306.36 1 0
gini-contract/chaincode/internal/internal.go:306.36,308.3 1 0
gini-contract/chaincode/internal/internal.go:309.2,310.16 2 0
gini-contract/chaincode/internal/internal.go:310.16,312.3 1 0
gini-contract/chaincode/internal/internal.go:313.2,316.16 3 0
gini-contract/chaincode/internal/internal.go:316.16,318.3 1 0
gini-contract/chaincode/internal/internal.go:319.2,321.32 3 0
gini-contract/chaincode/internal/internal.go:321.32,324.17 3 0
gini-contract/chaincode/internal/internal.go:324.17,326.4 1 0
gini-contract/chaincode/internal/internal.go:327.3,328.17 2 0
gini-contract/chaincode/internal/internal.go:328.17,330.4 1 0
gini-contract/chaincode/internal/internal.go:331.3,333.9 3 0
gini-contract/chaincode/internal/internal.go:333.9,335.4 1 0
gini-contract/chaincode/internal/internal.go:336.3,338.51 3 0
gini-contract/chaincode/internal/internal.go:338.51,339.9 1 0
gini-contract/chaincode/internal/internal.go:342.2,342.26 1 0
gini-contract/chaincode/internal/internal.go:342.26,344.3 1 0
gini-contract/chaincode/internal/internal.go:346.2,346.33 1 0
gini-contract/chaincode/internal/internal.go:346.33,348.9 2 0
gini-contract/chaincode/internal/internal.go:348.9,350.4 1 0
gini-contract/chaincode/internal/internal.go:351.3,351.49 1 0
gini-contract/chaincode/internal/internal.go:351.49,353.62 2 0
gini-contract/chaincode/internal/internal.go:353.62,355.5 1 0
gini-contract/chaincode/internal/internal.go:356.9,356.34 1 0
gini-contract/chaincode/internal/internal.go:356.34,357.62 1 0
gini-contract/chaincode/internal/internal.go:357.62,359.5 1 0
gini-contract/chaincode/internal/internal.go:361.4,367.18 3 0
gini-contract/chaincode/internal/internal.go:367.18,369.5 1 0
gini-contract/chaincode/internal/internal.go:371.4,372.16 2 0
gini-contract/chaincode/internal/internal.go:372.16,376.5 3 0
gini-contract/chaincode/internal/internal.go:381.2,381.12 1 0
gini-contract/chaincode/internal/internal.go:384.92,389.16 4 0
gini-contract/chaincode/internal/internal.go:389.16,391.3 1 0
gini-contract/chaincode/internal/internal.go:392.2,393.32 2 0
gini-contract/chaincode/internal/internal.go:393.32,396.17 3 0
gini-contract/chaincode/internal/internal.go:396.17,398.4 1 0
gini-contract/chaincode/internal/internal.go:399.3,402.17 4 0
gini-contract/chaincode/internal/internal.go:402.17,405.4 2 0
gini-contract/chaincode/internal/internal.go:406.3,408.46 3 0
gini-contract/chaincode/internal/internal.go:408.46,410.4 1 0
gini-contract/chaincode/internal/internal.go:412.3,412.29 1 0
gini-contract/chaincode/internal/internal.go:415.2,415.26 1 0
gini-contract/chaincode/internal/internal.go:418.113,420.14 2 0
gini-contract/chaincode/internal/internal.go:420.14,424.3 3 0
gini-contract/chaincode/internal/internal.go:426.2,427.14 2 0
gini-contract/chaincode/internal/internal.go:427.14,431.3 3 0
gini-contract/chaincode/internal/internal.go:432.2,433.25 2 0
gini-contract/chaincode/internal/internal.go:433.25,435.15 2 0
gini-contract/chaincode/internal/internal.go:435.15,439.4 3 0
gini-contract/chaincode/internal/internal.go:440.3,441.9 2 0
gini-contract/chaincode/internal/internal.go:441.9,443.4 1 0
gini-contract/chaincode/internal/internal.go:444.3,445.9 2 0
gini-contract/chaincode/internal/internal.go:445.9,447.4 1 0
gini-contract/chaincode/internal/internal.go:448.3,448.43 1 0
gini-contract/chaincode/internal/internal.go:448.43,450.4 1 0
gini-contract/chaincode/internal/internal.go:451.3,451.80 1 0
gini-contract/chaincode/internal/internal.go:453.2,454.16 2 0
gini-contract/chaincode/internal/internal.go:454.16,456.3 1 0
gini-contract/chaincode/internal/internal.go:458.2,459.14 2 0
gini-contract/chaincode/internal/internal.go:459.14,463.3 3 0
gini-contract/chaincode/internal/internal.go:464.2,464.12 1 0
gini-contract/chaincode/internal/internal.go:467.101,474.16 3 0
gini-contract/chaincode/internal/internal.go:474.16,476.3 1 0
gini-contract/chaincode/internal/internal.go:477.2,478.14 2 0
gini-contract/chaincode/internal/internal.go:478.14,482.3 3 0
gini-contract/chaincode/internal/internal.go:483.2,483.58 1 0
gini-contract/chaincode/internal/internal.go:483.58,487.3 3 0
gini-contract/chaincode/internal/internal.go:488.2,488.18 1 0
gini-contract/chaincode/internal/internal.go:491.87,494.16 2 0
gini-contract/chaincode/internal/internal.go:494.16,496.3 1 0
gini-contract/chaincode/internal/internal.go:498.2,499.16 2 0
gini-contract/chaincode/internal/internal.go:499.16,501.3 1 0
gini-contract/chaincode/internal/internal.go:502.2,502.21 1 0
gini-contract/chaincode/internal/internal.go:502.21,504.3 1 0
gini-contract/chaincode/internal/internal.go:506.2,508.16 3 0
gini-contract/chaincode/internal/internal.go:508.16,510.3 1 0
gini-contract/chaincode/internal/internal.go:512.2,512.27 1 0
gini-contract/chaincode/logger/logger.go:9.13,11.2 1 1
gini-contract/chaincode/smartcontract.go:24.150,27.73 2 1
gini-contract/chaincode/smartcontract.go:27.73,29.3 1 0
gini-contract/chaincode/smartcontract.go:29.8,29.24 1 1
gini-contract/chaincode/smartcontract.go:29.24,31.3 1 1
gini-contract/chaincode/smartcontract.go:33.2,33.59 1 1
gini-contract/chaincode/smartcontract.go:33.59,35.3 1 1
gini-contract/chaincode/smartcontract.go:35.8,35.25 1 1
gini-contract/chaincode/smartcontract.go:35.25,37.3 1 0
gini-contract/chaincode/smartcontract.go:38.2,38.61 1 1
gini-contract/chaincode/smartcontract.go:38.61,40.3 1 0
gini-contract/chaincode/smartcontract.go:40.8,40.25 1 1
gini-contract/chaincode/smartcontract.go:40.25,42.3 1 0
gini-contract/chaincode/smartcontract.go:44.2,44.55 1 1
gini-contract/chaincode/smartcontract.go:44.55,46.3 1 0
gini-contract/chaincode/smartcontract.go:48.2,48.71 1 1
gini-contract/chaincode/smartcontract.go:48.71,52.3 3 0
gini-contract/chaincode/smartcontract.go:52.8,52.19 1 1
gini-contract/chaincode/smartcontract.go:52.19,54.3 1 0
gini-contract/chaincode/smartcontract.go:55.2,55.73 1 1
gini-contract/chaincode/smartcontract.go:55.73,59.3 3 0
gini-contract/chaincode/smartcontract.go:59.8,59.19 1 1
gini-contract/chaincode/smartcontract.go:59.19,61.3 1 0
gini-contract/chaincode/smartcontract.go:63.2,63.120 1 1
gini-contract/chaincode/smartcontract.go:63.120,65.3 1 0
gini-contract/chaincode/smartcontract.go:66.2,66.124 1 1
gini-contract/chaincode/smartcontract.go:66.124,68.3 1 0
gini-contract/chaincode/smartcontract.go:70.2,70.197 1 1
gini-contract/chaincode/smartcontract.go:70.197,72.3 1 0
gini-contract/chaincode/smartcontract.go:74.2,74.76 1 1
gini-contract/chaincode/smartcontract.go:74.76,78.3 3 0
gini-contract/chaincode/smartcontract.go:79.2,79.80 1 1
gini-contract/chaincode/smartcontract.go:79.80,83.3 3 0
gini-contract/chaincode/smartcontract.go:84.2,84.99 1 1
gini-contract/chaincode/smartcontract.go:84.99,88.3 3 0
gini-contract/chaincode/smartcontract.go:89.2,89.105 1 1
gini-contract/chaincode/smartcontract.go:89.105,93.3 3 0
gini-contract/chaincode/smartcontract.go:94.2,94.89 1 1
gini-contract/chaincode/smartcontract.go:94.89,96.3 1 0
gini-contract/chaincode/smartcontract.go:97.2,98.18 2 1
gini-contract/chaincode/smartcontract.go:101.98,104.73 2 1
gini-contract/chaincode/smartcontract.go:104.73,106.3 1 0
gini-contract/chaincode/smartcontract.go:106.8,106.24 1 1
gini-contract/chaincode/smartcontract.go:106.24,108.3 1 1
gini-contract/chaincode/smartcontract.go:110.2,112.17 3 1
gini-contract/chaincode/smartcontract.go:112.17,114.3 1 1
gini-contract/chaincode/smartcontract.go:116.2,116.23 1 1
gini-contract/chaincode/smartcontract.go:116.23,118.3 1 1
gini-contract/chaincode/smartcontract.go:120.2,120.40 1 1
gini-contract/chaincode/smartcontract.go:120.40,122.3 1 1
gini-contract/chaincode/smartcontract.go:124.2,124.25 1 1
gini-contract/chaincode/smartcontract.go:124.25,126.3 1 0
gini-contract/chaincode/smartcontract.go:128.2,129.49 2 1
gini-contract/chaincode/smartcontract.go:129.49,131.3 1 0
gini-contract/chaincode/smartcontract.go:133.2,134.14 2 1
gini-contract/chaincode/smartcontract.go:134.14,138.3 3 0
gini-contract/chaincode/smartcontract.go:140.2,141.16 2 1
gini-contract/chaincode/smartcontract.go:141.16,143.3 1 0
gini-contract/chaincode/smartcontract.go:145.2,145.61 1 1
gini-contract/chaincode/smartcontract.go:145.61,149.3 3 0
gini-contract/chaincode/smartcontract.go:151.2,151.12 1 1
gini-contract/chaincode/smartcontract.go:154.103,157.73 2 1
gini-contract/chaincode/smartcontract.go:157.73,159.3 1 0
gini-contract/chaincode/smartcontract.go:159.8,159.24 1 1
gini-contract/chaincode/smartcontract.go:159.24,161.3 1 1
gini-contract/chaincode/smartcontract.go:163.2,164.14 2 1
gini-contract/chaincode/smartcontract.go:164.14,168.3 3 0
gini-contract/chaincode/smartcontract.go:170.2,171.42 2 1
gini-contract/chaincode/smartcontract.go:171.42,175.3 3 1
gini-contract/chaincode/smartcontract.go:177.2,178.69 2 1
gini-contract/chaincode/smartcontract.go:178.69,180.3 1 0
gini-contract/chaincode/smartcontract.go:182.2,182.51 1 1
gini-contract/chaincode/smartcontract.go:182.51,184.3 1 1
gini-contract/chaincode/smartcontract.go:186.2,186.48 1 1
gini-contract/chaincode/smartcontract.go:186.48,190.3 3 0
gini-contract/chaincode/smartcontract.go:192.2,192.12 1 1
gini-contract/chaincode/smartcontract.go:195.94,199.73 2 1
gini-contract/chaincode/smartcontract.go:199.73,201.3 1 0
gini-contract/chaincode/smartcontract.go:201.8,201.24 1 1
gini-contract/chaincode/smartcontract.go:201.24,203.3 1 0
gini-contract/chaincode/smartcontract.go:205.2,205.64 1 1
gini-contract/chaincode/smartcontract.go:205.64,207.3 1 0
gini-contract/chaincode/smartcontract.go:207.8,207.20 1 1
gini-contract/chaincode/smartcontract.go:207.20,209.3 1 1
gini-contract/chaincode/smartcontract.go:211.2,211.60 1 1
gini-contract/chaincode/smartcontract.go:211.60,213.3 1 0
gini-contract/chaincode/smartcontract.go:214.2,214.12 1 1
gini-contract/chaincode/smartcontract.go:217.93,221.73 2 1
gini-contract/chaincode/smartcontract.go:221.73,223.3 1 1
gini-contract/chaincode/smartcontract.go:223.8,223.24 1 1
gini-contract/chaincode/smartcontract.go:223.24,225.3 1 1
gini-contract/chaincode/smartcontract.go:226.2,226.48 1 1
gini-contract/chaincode/smartcontract.go:226.48,228.3 1 1
gini-contract/chaincode/smartcontract.go:229.2,229.64 1 1
gini-contract/chaincode/smartcontract.go:229.64,231.3 1 0
gini-contract/chaincode/smartcontract.go:231.8,231.19 1 1
gini-contract/chaincode/smartcontract.go:231.19,233.3 1 1
gini-contract/chaincode/smartcontract.go:234.2,234.59 1 1
gini-contract/chaincode/smartcontract.go:234.59,236.3 1 0
gini-contract/chaincode/smartcontract.go:237.2,237.12 1 1
gini-contract/chaincode/smartcontract.go:240.87,242.16 2 1
gini-contract/chaincode/smartcontract.go:242.16,244.3 1 1
gini-contract/chaincode/smartcontract.go:245.2,245.27 1 1
gini-contract/chaincode/smartcontract.go:248.89,250.16 2 1
gini-contract/chaincode/smartcontract.go:250.16,252.3 1 1
gini-contract/chaincode/smartcontract.go:253.2,253.27 1 1
gini-contract/chaincode/smartcontract.go:256.81,258.2 1 1
gini-contract/chaincode/smartcontract.go:260.93,262.16 2 1
gini-contract/chaincode/smartcontract.go:262.16,264.3 1 1
gini-contract/chaincode/smartcontract.go:265.2,265.18 1 1
gini-contract/chaincode/smartcontract.go:265.18,267.3 1 1
gini-contract/chaincode/smartcontract.go:268.2,268.27 1 1
gini-contract/chaincode/smartcontract.go:271.99,274.73 2 1
gini-contract/chaincode/smartcontract.go:274.73,276.3 1 1
gini-contract/chaincode/smartcontract.go:276.8,276.24 1 1
gini-contract/chaincode/smartcontract.go:276.24,278.3 1 1
gini-contract/chaincode/smartcontract.go:279.2,279.82 1 1
gini-contract/chaincode/smartcontract.go:279.82,283.3 3 1
gini-contract/chaincode/smartcontract.go:284.2,284.12 1 1
gini-contract/chaincode/smartcontract.go:287.108,290.37 2 1
gini-contract/chaincode/smartcontract.go:290.37,292.3 1 0
gini-contract/chaincode/smartcontract.go:293.2,294.16 2 1
gini-contract/chaincode/smartcontract.go:294.16,296.3 1 0
gini-contract/chaincode/smartcontract.go:297.2,299.17 2 1
gini-contract/chaincode/smartcontract.go:302.108,305.62 2 1
gini-contract/chaincode/smartcontract.go:305.62,307.3 1 0
gini-contract/chaincode/smartcontract.go:307.8,307.78 1 1
gini-contract/chaincode/smartcontract.go:307.78,311.3 3 0
gini-contract/chaincode/smartcontract.go:311.8,313.3 1 1
gini-contract/chaincode/smartcontract.go:316.119,318.66 2 1
gini-contract/chaincode/smartcontract.go:318.66,321.3 2 1
gini-contract/chaincode/smartcontract.go:322.2,323.16 2 1
gini-contract/chaincode/smartcontract.go:323.16,325.3 1 0
gini-contract/chaincode/smartcontract.go:326.2,326.74 1 1
gini-contract/chaincode/smartcontract.go:326.74,328.3 1 0
gini-contract/chaincode/smartcontract.go:329.2,329.18 1 1
gini-contract/chaincode/smartcontract.go:332.122,336.16 3 1
gini-contract/chaincode/smartcontract.go:336.16,340.3 3 1
gini-contract/chaincode/smartcontract.go:342.2,343.16 2 1
gini-contract/chaincode/smartcontract.go:343.16,345.3 1 0
gini-contract/chaincode/smartcontract.go:347.2,349.57 3 1
gini-contract/chaincode/smartcontract.go:349.57,351.3 1 1
gini-contract/chaincode/smartcontract.go:351.8,351.71 1 1
gini-contract/chaincode/smartcontract.go:351.71,353.3 1 1
gini-contract/chaincode/smartcontract.go:353.8,355.3 1 1
gini-contract/chaincode/smartcontract.go:357.2,358.48 2 1
gini-contract/chaincode/smartcontract.go:358.48,360.3 1 1
gini-contract/chaincode/smartcontract.go:362.2,362.38 1 1
gini-contract/chaincode/smartcontract.go:362.38,363.35 1 1
gini-contract/chaincode/smartcontract.go:363.35,365.4 1 1
gini-contract/chaincode/smartcontract.go:367.8,367.27 1 1
gini-contract/chaincode/smartcontract.go:367.27,370.17 3 1
gini-contract/chaincode/smartcontract.go:370.17,372.4 1 0
gini-contract/chaincode/smartcontract.go:374.3,374.56 1 1
gini-contract/chaincode/smartcontract.go:374.56,376.4 1 0
gini-contract/chaincode/smartcontract.go:378.3,382.37 4 1
gini-contract/chaincode/smartcontract.go:382.37,384.4 1 0
gini-contract/chaincode/smartcontract.go:385.8,387.3 1 1
gini-contract/chaincode/smartcontract.go:389.2,395.16 5 1
gini-contract/chaincode/smartcontract.go:395.16,397.3 1 1
gini-contract/chaincode/smartcontract.go:398.2,399.16 2 1
gini-contract/chaincode/smartcontract.go:399.16,401.3 1 1
gini-contract/chaincode/smartcontract.go:403.2,405.16 3 1
gini-contract/chaincode/smartcontract.go:405.16,407.3 1 1
gini-contract/chaincode/smartcontract.go:409.2,409.42 1 1
gini-contract/chaincode/smartcontract.go:409.42,410.90 1 1
gini-contract/chaincode/smartcontract.go:410.90,414.4 3 1
gini-contract/chaincode/smartcontract.go:415.3,415.33 1 1
gini-contract/chaincode/smartcontract.go:418.2,420.38 2 1
gini-contract/chaincode/smartcontract.go:420.38,422.3 1 0
gini-contract/chaincode/smartcontract.go:422.8,422.42 1 1
gini-contract/chaincode/smartcontract.go:422.42,424.3 1 0
gini-contract/chaincode/smartcontract.go:425.2,425.77 1 1
gini-contract/chaincode/smartcontract.go:425.77,427.3 1 0
gini-contract/chaincode/smartcontract.go:428.2,428.36 1 1
gini-contract/chaincode/smartcontract.go:428.36,430.3 1 0
gini-contract/chaincode/smartcontract.go:432.2,432.63 1 1
gini-contract/chaincode/smartcontract.go:432.63,434.3 1 0
gini-contract/chaincode/smartcontract.go:434.8,434.19 1 1
gini-contract/chaincode/smartcontract.go:434.19,436.3 1 0
gini-contract/chaincode/smartcontract.go:438.2,438.63 1 1
gini-contract/chaincode/smartcontract.go:438.63,440.3 1 0
gini-contract/chaincode/smartcontract.go:440.8,440.19 1 1
gini-contract/chaincode/smartcontract.go:440.19,442.3 1 0
gini-contract/chaincode/smartcontract.go:444.2,444.66 1 1
gini-contract/chaincode/smartcontract.go:444.66,446.3 1 0
gini-contract/chaincode/smartcontract.go:446.8,446.19 1 1
gini-contract/chaincode/smartcontract.go:446.19,448.3 1 0
gini-contract/chaincode/smartcontract.go:450.2,451.49 2 1
gini-contract/chaincode/smartcontract.go:451.49,455.3 3 0
gini-contract/chaincode/smartcontract.go:457.2,457.49 1 1
gini-contract/chaincode/smartcontract.go:457.49,461.3 3 0
gini-contract/chaincode/smartcontract.go:463.2,463.31 1 1
gini-contract/chaincode/smartcontract.go:463.31,467.3 3 0
gini-contract/chaincode/smartcontract.go:469.2,470.16 2 1
gini-contract/chaincode/smartcontract.go:470.16,472.3 1 0
gini-contract/chaincode/smartcontract.go:474.2,474.40 1 1
gini-contract/chaincode/smartcontract.go:474.40,476.3 1 0
gini-contract/chaincode/smartcontract.go:478.2,478.45 1 1
gini-contract/chaincode/smartcontract.go:478.45,479.48 1 0
gini-contract/chaincode/smartcontract.go:479.48,480.67 1 0
gini-contract/chaincode/smartcontract.go:480.67,482.5 1 0
gini-contract/chaincode/smartcontract.go:483.4,483.89 1 0
gini-contract/chaincode/smartcontract.go:483.89,485.5 1 0
gini-contract/chaincode/smartcontract.go:487.8,487.52 1 1
gini-contract/chaincode/smartcontract.go:487.52,488.48 1 0
gini-contract/chaincode/smartcontract.go:488.48,489.72 1 0
gini-contract/chaincode/smartcontract.go:489.72,491.5 1 0
gini-contract/chaincode/smartcontract.go:492.4,492.72 1 0
gini-contract/chaincode/smartcontract.go:492.72,494.5 1 0
gini-contract/chaincode/smartcontract.go:495.9,496.52 1 0
gini-contract/chaincode/smartcontract.go:496.52,497.72 1 0
gini-contract/chaincode/smartcontract.go:497.72,499.6 1 0
gini-contract/chaincode/smartcontract.go:500.5,500.72 1 0
gini-contract/chaincode/smartcontract.go:500.72,502.6 1 0
gini-contract/chaincode/smartcontract.go:503.10,504.72 1 0
gini-contract/chaincode/smartcontract.go:504.72,506.6 1 0
gini-contract/chaincode/smartcontract.go:507.5,507.73 1 0
gini-contract/chaincode/smartcontract.go:507.73,509.6 1 0
gini-contract/chaincode/smartcontract.go:510.5,510.90 1 0
gini-contract/chaincode/smartcontract.go:510.90,512.6 1 0
gini-contract/chaincode/smartcontract.go:515.8,516.21 1 1
gini-contract/chaincode/smartcontract.go:516.21,517.49 1 1
gini-contract/chaincode/smartcontract.go:517.49,518.73 1 1
gini-contract/chaincode/smartcontract.go:518.73,520.6 1 0
gini-contract/chaincode/smartcontract.go:521.5,521.95 1 1
gini-contract/chaincode/smartcontract.go:521.95,523.6 1 0
gini-contract/chaincode/smartcontract.go:525.9,526.71 1 1
gini-contract/chaincode/smartcontract.go:526.71,528.5 1 0
gini-contract/chaincode/smartcontract.go:530.4,530.52 1 1
gini-contract/chaincode/smartcontract.go:530.52,531.72 1 0
gini-contract/chaincode/smartcontract.go:531.72,533.6 1 0
gini-contract/chaincode/smartcontract.go:534.10,535.73 1 1
gini-contract/chaincode/smartcontract.go:535.73,537.6 1 0
gini-contract/chaincode/smartcontract.go:538.5,538.90 1 1
gini-contract/chaincode/smartcontract.go:538.90,540.6 1 0
gini-contract/chaincode/smartcontract.go:545.2,545.76 1 1
gini-contract/chaincode/smartcontract.go:545.76,547.3 1 0
gini-contract/chaincode/smartcontract.go:549.2,549.18 1 1
gini-contract/chaincode/smartcontract.go:552.141,558.49 4 1
gini-contract/chaincode/smartcontract.go:558.49,562.3 3 1
gini-contract/chaincode/smartcontract.go:564.2,564.38 1 1
gini-contract/chaincode/smartcontract.go:564.38,566.3 1 0
gini-contract/chaincode/smartcontract.go:567.2,567.35 1 1
gini-contract/chaincode/smartcontract.go:567.35,569.3 1 0
gini-contract/chaincode/smartcontract.go:570.2,570.77 1 1
gini-contract/chaincode/smartcontract.go:570.77,572.3 1 1
gini-contract/chaincode/smartcontract.go:573.2,573.36 1 1
gini-contract/chaincode/smartcontract.go:573.36,575.3 1 1
gini-contract/chaincode/smartcontract.go:576.2,576.39 1 1
gini-contract/chaincode/smartcontract.go:576.39,578.3 1 1
gini-contract/chaincode/smartcontract.go:579.2,579.36 1 1
gini-contract/chaincode/smartcontract.go:579.36,581.3 1 1
gini-contract/chaincode/smartcontract.go:582.2,586.16 4 1
gini-contract/chaincode/smartcontract.go:586.16,588.3 1 0
gini-contract/chaincode/smartcontract.go:589.2,590.16 2 1
gini-contract/chaincode/smartcontract.go:590.16,592.3 1 0
gini-contract/chaincode/smartcontract.go:593.2,594.16 2 1
gini-contract/chaincode/smartcontract.go:594.16,596.3 1 0
gini-contract/chaincode/smartcontract.go:598.2,599.42 2 1
gini-contract/chaincode/smartcontract.go:599.42,600.90 1 0
gini-contract/chaincode/smartcontract.go:600.90,602.4 1 0
gini-contract/chaincode/smartcontract.go:602.9,606.4 3 0
gini-contract/chaincode/smartcontract.go:608.2,608.37 1 1
gini-contract/chaincode/smartcontract.go:608.37,610.3 1 0
gini-contract/chaincode/smartcontract.go:612.2,612.63 1 1
gini-contract/chaincode/smartcontract.go:612.63,614.3 1 0
gini-contract/chaincode/smartcontract.go:614.8,614.19 1 1
gini-contract/chaincode/smartcontract.go:614.19,616.3 1 0
gini-contract/chaincode/smartcontract.go:617.2,617.66 1 1
gini-contract/chaincode/smartcontract.go:617.66,619.3 1 0
gini-contract/chaincode/smartcontract.go:619.8,619.19 1 1
gini-contract/chaincode/smartcontract.go:619.19,621.3 1 0
gini-contract/chaincode/smartcontract.go:622.2,622.63 1 1
gini-contract/chaincode/smartcontract.go:622.63,624.3 1 0
gini-contract/chaincode/smartcontract.go:624.8,624.19 1 1
gini-contract/chaincode/smartcontract.go:624.19,626.3 1 0
gini-contract/chaincode/smartcontract.go:627.2,627.64 1 1
gini-contract/chaincode/smartcontract.go:627.64,629.3 1 0
gini-contract/chaincode/smartcontract.go:629.8,629.19 1 1
gini-contract/chaincode/smartcontract.go:629.19,631.3 1 0
gini-contract/chaincode/smartcontract.go:633.2,634.49 2 1
gini-contract/chaincode/smartcontract.go:634.49,638.3 3 0
gini-contract/chaincode/smartcontract.go:639.2,639.51 1 1
gini-contract/chaincode/smartcontract.go:639.51,643.3 3 0
gini-contract/chaincode/smartcontract.go:644.2,644.49 1 1
gini-contract/chaincode/smartcontract.go:644.49,648.3 3 0
gini-contract/chaincode/smartcontract.go:649.2,649.45 1 1
gini-contract/chaincode/smartcontract.go:649.45,653.3 3 0
gini-contract/chaincode/smartcontract.go:655.2,656.16 2 1
gini-contract/chaincode/smartcontract.go:656.16,658.3 1 0
gini-contract/chaincode/smartcontract.go:659.2,660.16 2 1
gini-contract/chaincode/smartcontract.go:660.16,662.3 1 0
gini-contract/chaincode/smartcontract.go:663.2,664.16 2 1
gini-contract/chaincode/smartcontract.go:664.16,666.3 1 0
gini-contract/chaincode/smartcontract.go:667.2,668.9 2 1
gini-contract/chaincode/smartcontract.go:668.9,672.3 3 0
gini-contract/chaincode/smartcontract.go:674.2,675.57 2 1
gini-contract/chaincode/smartcontract.go:675.57,677.3 1 0
gini-contract/chaincode/smartcontract.go:677.8,677.71 1 1
gini-contract/chaincode/smartcontract.go:677.71,679.3 1 0
gini-contract/chaincode/smartcontract.go:679.8,681.3 1 1
gini-contract/chaincode/smartcontract.go:683.2,683.22 1 1
gini-contract/chaincode/smartcontract.go:683.22,684.60 1 0
gini-contract/chaincode/smartcontract.go:684.60,686.4 1 0
gini-contract/chaincode/smartcontract.go:687.8,688.33 1 1
gini-contract/chaincode/smartcontract.go:688.33,690.4 1 0
gini-contract/chaincode/smartcontract.go:691.3,691.37 1 1
gini-contract/chaincode/smartcontract.go:691.37,693.4 1 0
gini-contract/chaincode/smartcontract.go:696.2,696.28 1 1
gini-contract/chaincode/smartcontract.go:696.28,698.3 1 0
gini-contract/chaincode/smartcontract.go:699.2,699.61 1 1
gini-contract/chaincode/smartcontract.go:699.61,700.23 1 0
gini-contract/chaincode/smartcontract.go:700.23,702.4 1 0
gini-contract/chaincode/smartcontract.go:704.2,704.45 1 1
gini-contract/chaincode/smartcontract.go:704.45,705.48 1 0
gini-contract/chaincode/smartcontract.go:705.48,706.67 1 0
gini-contract/chaincode/smartcontract.go:706.67,708.5 1 0
gini-contract/chaincode/smartcontract.go:709.4,709.89 1 0
gini-contract/chaincode/smartcontract.go:709.89,711.5 1 0
gini-contract/chaincode/smartcontract.go:713.8,713.52 1 1
gini-contract/chaincode/smartcontract.go:713.52,714.48 1 0
gini-contract/chaincode/smartcontract.go:714.48,715.63 1 0
gini-contract/chaincode/smartcontract.go:715.63,717.5 1 0
gini-contract/chaincode/smartcontract.go:718.4,718.63 1 0
gini-contract/chaincode/smartcontract.go:718.63,720.5 1 0
gini-contract/chaincode/smartcontract.go:721.9,722.52 1 0
gini-contract/chaincode/smartcontract.go:722.52,723.91 1 0
gini-contract/chaincode/smartcontract.go:723.91,725.6 1 0
gini-contract/chaincode/smartcontract.go:726.5,726.91 1 0
gini-contract/chaincode/smartcontract.go:726.91,728.6 1 0
gini-contract/chaincode/smartcontract.go:729.10,730.91 1 0
gini-contract/chaincode/smartcontract.go:730.91,732.6 1 0
gini-contract/chaincode/smartcontract.go:733.5,733.64 1 0
gini-contract/chaincode/smartcontract.go:733.64,735.6 1 0
gini-contract/chaincode/smartcontract.go:736.5,736.90 1 0
gini-contract/chaincode/smartcontract.go:736.90,738.6 1 0
gini-contract/chaincode/smartcontract.go:742.8,742.52 1 1
gini-contract/chaincode/smartcontract.go:742.52,743.48 1 0
gini-contract/chaincode/smartcontract.go:743.48,744.63 1 0
gini-contract/chaincode/smartcontract.go:744.63,746.5 1 0
gini-contract/chaincode/smartcontract.go:747.4,747.63 1 0
gini-contract/chaincode/smartcontract.go:747.63,749.5 1 0
gini-contract/chaincode/smartcontract.go:750.9,750.55 1 0
gini-contract/chaincode/smartcontract.go:750.55,751.28 1 0
gini-contract/chaincode/smartcontract.go:751.28,752.88 1 0
gini-contract/chaincode/smartcontract.go:752.88,754.6 1 0
gini-contract/chaincode/smartcontract.go:755.5,755.91 1 0
gini-contract/chaincode/smartcontract.go:755.91,757.6 1 0
gini-contract/chaincode/smartcontract.go:758.10,758.35 1 0
gini-contract/chaincode/smartcontract.go:758.35,759.91 1 0
gini-contract/chaincode/smartcontract.go:759.91,761.6 1 0
gini-contract/chaincode/smartcontract.go:762.5,762.88 1 0
gini-contract/chaincode/smartcontract.go:762.88,764.6 1 0
gini-contract/chaincode/smartcontract.go:766.9,767.28 1 0
gini-contract/chaincode/smartcontract.go:767.28,768.88 1 0
gini-contract/chaincode/smartcontract.go:768.88,770.6 1 0
gini-contract/chaincode/smartcontract.go:771.5,771.64 1 0
gini-contract/chaincode/smartcontract.go:771.64,773.6 1 0
gini-contract/chaincode/smartcontract.go:774.5,774.90 1 0
gini-contract/chaincode/smartcontract.go:774.90,776.6 1 0
gini-contract/chaincode/smartcontract.go:777.10,777.36 1 0
gini-contract/chaincode/smartcontract.go:777.36,778.64 1 0
gini-contract/chaincode/smartcontract.go:778.64,780.6 1 0
gini-contract/chaincode/smartcontract.go:781.5,781.90 1 0
gini-contract/chaincode/smartcontract.go:781.90,783.6 1 0
gini-contract/chaincode/smartcontract.go:784.10,785.91 1 0
gini-contract/chaincode/smartcontract.go:785.91,787.6 1 0
gini-contract/chaincode/smartcontract.go:788.5,788.64 1 0
gini-contract/chaincode/smartcontract.go:788.64,790.6 1 0
gini-contract/chaincode/smartcontract.go:791.5,791.90 1 0
gini-contract/chaincode/smartcontract.go:791.90,793.6 1 0
gini-contract/chaincode/smartcontract.go:797.8,797.52 1 1
gini-contract/chaincode/smartcontract.go:797.52,798.26 1 1
gini-contract/chaincode/smartcontract.go:798.26,799.49 1 0
gini-contract/chaincode/smartcontract.go:799.49,800.68 1 0
gini-contract/chaincode/smartcontract.go:800.68,802.6 1 0
gini-contract/chaincode/smartcontract.go:803.5,803.90 1 0
gini-contract/chaincode/smartcontract.go:803.90,805.6 1 0
gini-contract/chaincode/smartcontract.go:807.9,808.49 1 1
gini-contract/chaincode/smartcontract.go:808.49,809.64 1 0
gini-contract/chaincode/smartcontract.go:809.64,811.6 1 0
gini-contract/chaincode/smartcontract.go:812.5,812.64 1 0
gini-contract/chaincode/smartcontract.go:812.64,814.6 1 0
gini-contract/chaincode/smartcontract.go:815.10,815.56 1 1
gini-contract/chaincode/smartcontract.go:815.56,816.29 1 0
gini-contract/chaincode/smartcontract.go:816.29,817.69 1 0
gini-contract/chaincode/smartcontract.go:817.69,819.7 1 0
gini-contract/chaincode/smartcontract.go:820.6,820.92 1 0
gini-contract/chaincode/smartcontract.go:820.92,822.7 1 0
gini-contract/chaincode/smartcontract.go:823.6,823.65 1 0
gini-contract/chaincode/smartcontract.go:823.65,825.7 1 0
gini-contract/chaincode/smartcontract.go:826.11,826.37 1 0
gini-contract/chaincode/smartcontract.go:826.37,827.69 1 0
gini-contract/chaincode/smartcontract.go:827.69,829.7 1 0
gini-contract/chaincode/smartcontract.go:830.6,830.65 1 0
gini-contract/chaincode/smartcontract.go:830.65,832.7 1 0
gini-contract/chaincode/smartcontract.go:833.11,834.69 1 0
gini-contract/chaincode/smartcontract.go:834.69,836.7 1 0
gini-contract/chaincode/smartcontract.go:837.6,837.89 1 0
gini-contract/chaincode/smartcontract.go:837.89,839.7 1 0
gini-contract/chaincode/smartcontract.go:840.6,840.65 1 0
gini-contract/chaincode/smartcontract.go:840.65,842.7 1 0
gini-contract/chaincode/smartcontract.go:844.10,844.59 1 1
gini-contract/chaincode/smartcontract.go:844.59,845.68 1 0
gini-contract/chaincode/smartcontract.go:845.68,847.6 1 0
gini-contract/chaincode/smartcontract.go:848.5,848.64 1 0
gini-contract/chaincode/smartcontract.go:848.64,850.6 1 0
gini-contract/chaincode/smartcontract.go:851.5,851.91 1 0
gini-contract/chaincode/smartcontract.go:851.91,853.6 1 0
gini-contract/chaincode/smartcontract.go:854.10,855.68 1 1
gini-contract/chaincode/smartcontract.go:855.68,857.6 1 0
gini-contract/chaincode/smartcontract.go:858.5,858.64 1 1
gini-contract/chaincode/smartcontract.go:858.64,860.6 1 0
gini-contract/chaincode/smartcontract.go:861.5,861.64 1 1
gini-contract/chaincode/smartcontract.go:861.64,863.6 1 0
gini-contract/chaincode/smartcontract.go:864.5,864.90 1 1
gini-contract/chaincode/smartcontract.go:864.90,866.6 1 0
gini-contract/chaincode/smartcontract.go:871.2,872.16 2 1
gini-contract/chaincode/smartcontract.go:872.16,874.3 1 0
gini-contract/chaincode/smartcontract.go:875.2,877.76 2 1
gini-contract/chaincode/smartcontract.go:877.76,879.3 1 0
gini-contract/chaincode/smartcontract.go:881.2,881.18 1 1
gini-contract/chaincode/smartcontract.go:884.122,888.16 3 1
gini-contract/chaincode/smartcontract.go:888.16,890.3 1 0
gini-contract/chaincode/smartcontract.go:891.2,891.23 1 1
gini-contract/chaincode/smartcontract.go:894.94,896.2 1 1
gini-contract/chaincode/smartcontract.go:898.100,900.14 2 1
gini-contract/chaincode/smartcontract.go:900.14,904.3 3 1
gini-contract/chaincode/smartcontract.go:905.2,905.27 1 1
gini-contract/chaincode/smartcontract.go:908.107,911.73 2 1
gini-contract/chaincode/smartcontract.go:911.73,913.3 1 1
gini-contract/chaincode/smartcontract.go:913.8,913.24 1 1
gini-contract/chaincode/smartcontract.go:913.24,915.3 1 1
gini-contract/chaincode/smartcontract.go:916.2,917.14 2 1
gini-contract/chaincode/smartcontract.go:917.14,921.3 3 0
gini-contract/chaincode/smartcontract.go:922.2,922.12 1 1
gini-contract/chaincode/smartcontract.go:925.101,927.14 2 1
gini-contract/chaincode/smartcontract.go:927.14,931.3 3 1
gini-contract/chaincode/smartcontract.go:932.2,932.27 1 1
gini-contract/chaincode/ginierr/error.go:14.38,16.2 1 1
gini-contract/chaincode/ginierr/error.go:18.42,20.2 1 1
gini-contract/chaincode/ginierr/error.go:22.55,27.2 1 1
gini-contract/chaincode/ginierr/error.go:29.79,35.2 1 1
gini-contract/chaincode/ginierr/error.go:43.54,45.2 1 0
gini-contract/chaincode/ginierr/error.go:47.51,49.2 1 1
gini-contract/chaincode/ginierr/error.go:51.53,53.2 1 1
gini-contract/chaincode/ginierr/error.go:55.61,57.2 1 0
gini-contract/chaincode/ginierr/error.go:59.48,61.2 1 1
gini-contract/chaincode/ginierr/error.go:63.48,65.2 1 1
gini-contract/chaincode/ginierr/error.go:67.62,69.2 1 0
gini-contract/chaincode/ginierr/error.go:71.52,73.2 1 1
gini-contract/chaincode/ginierr/error.go:75.48,77.2 1 1
gini-contract/chaincode/ginierr/error.go:79.52,81.2 1 0
gini-contract/chaincode/ginierr/error.go:83.57,85.2 1 1
gini-contract/chaincode/ginierr/error.go:87.49,89.2 1 1
gini-contract/chaincode/logger/logger.go:9.13,11.2 1 1
